INFO:  latexindent.pl version 3.9.2, 2021-04-06, a script to indent .tex files
       latexindent.pl lives here: /usr/local/Cellar/latexindent/3.9.2/libexec/bin/
       Mon Apr 12 15:10:55 2021
       Filename: /Users/plinders/stack/Work/!THESIS/LaTeX/chapters/__latexindent_temp.tex
INFO:  Processing switches:
       -y|--yaml: YAML settings specified via command line
       -c|--cruft: cruft directory
INFO:  Directory for backup files and /Users/plinders/stack/Work/!THESIS/LaTeX//indent.log: /Users/plinders/stack/Work/!THESIS/LaTeX/
INFO:  Perl modules are being loaded from the following directories:
       /usr/local/Cellar/perl/5.32.1_1/lib/perl5/5.32.1/FindBin.pm
       /usr/local/Cellar/latexindent/3.9.2/libexec/lib/perl5/YAML/Tiny.pm
       /usr/local/Cellar/perl/5.32.1_1/lib/perl5/5.32.1/File/Copy.pm
       /usr/local/Cellar/perl/5.32.1_1/lib/perl5/5.32.1/File/Basename.pm
       /usr/local/Cellar/perl/5.32.1_1/lib/perl5/5.32.1/Getopt/Long.pm
       /usr/local/Cellar/latexindent/3.9.2/libexec/lib/perl5/File/HomeDir.pm
       /usr/local/Cellar/latexindent/3.9.2/libexec/lib/perl5/darwin-thread-multi-2level/Unicode/GCString.pm
INFO:  Latex Indent perl modules are being loaded from, for example:
       /usr/local/Cellar/latexindent/3.9.2/libexec/lib/perl5/LatexIndent/Document.pm
INFO:  YAML settings read: defaultSettings.yaml
        Reading defaultSettings.yaml from /usr/local/Cellar/latexindent/3.9.2/libexec/bin/defaultSettings.yaml
INFO:  YAML settings read: indentconfig.yaml or .indentconfig.yaml
       Home directory is /Users/plinders (didn't find either indentconfig.yaml or .indentconfig.yaml)
       To specify user settings you would put indentconfig.yaml here: /Users/plinders/indentconfig.yaml
       Alternatively, you can use the hidden file .indentconfig.yaml as: /Users/plinders/.indentconfig.yaml
INFO:  YAML settings read: -y switch
       YAML setting: defaultIndent:'    '
       Updating masterSettings with defaultIndent:     
INFO:  Phase 1: searching for objects
       No objects found.
INFO:  Phase 2: finding surrounding indentation
INFO:  Phase 3: indenting objects
INFO:  Phase 4: final indentation check
INFO:  Output routine:
       Not outputting to file; see -w and -o switches for more options.
       --------------
INFO:  Please direct all communication/issues to:
        https://github.com/cmhughes/latexindent.pl
